<?xml version="1.0" encoding="UTF-8"?>
<!-- Generated by org.testng.reporters.JUnitXMLReporter -->
<testsuite ignored="3" hostname="IN-C335VQ3" failures="0" tests="1" name="Default test" time="7.206" errors="0" timestamp="2022-11-17T12:12:49 IST">
  <testcase classname="testcases.Filter" name="Tc_SL_019" time="2.249"/>
  <testcase classname="testcases.Filter" name="Tc_SL_018" time="0.0">
    <ignored/>
  </testcase> <!-- Tc_SL_018 -->
  <testcase classname="testcases.Filter" name="Tc_SL_021" time="0.0">
    <ignored/>
  </testcase> <!-- Tc_SL_021 -->
  <testcase classname="testcases.Filter" name="Tc_SL_020" time="0.0">
    <ignored/>
  </testcase> <!-- Tc_SL_020 -->
</testsuite> <!-- Default test -->
